<?xml version="1.0" encoding="UTF-8"?>
<testsuite name="MaximumValueTest" tests="1" skipped="0" failures="0" errors="0" timestamp="2021-04-29T14:46:06" hostname="DESKTOP-9F42HSG" time="0.091">
  <properties/>
  <testcase name="maximumValueWillReturnSecondPosition()" classname="MaximumValueTest" time="0.091"/>
  <system-out><![CDATA[]]></system-out>
  <system-err><![CDATA[]]></system-err>
</testsuite>
